[0.027s] Invoking command in '/home/miko/mobile_robot_ws/build/my_robot_description': CMAKE_PREFIX_PATH=/opt/ros/humble /usr/bin/cmake --build /home/miko/mobile_robot_ws/build/my_robot_description -- -j16 -l16
[0.124s] Invoked command in '/home/miko/mobile_robot_ws/build/my_robot_description' returned '0': CMAKE_PREFIX_PATH=/opt/ros/humble /usr/bin/cmake --build /home/miko/mobile_robot_ws/build/my_robot_description -- -j16 -l16
[0.151s] Invoking command in '/home/miko/mobile_robot_ws/build/my_robot_description': CMAKE_PREFIX_PATH=/opt/ros/humble /usr/bin/cmake --install /home/miko/mobile_robot_ws/build/my_robot_description
[0.169s] -- Install configuration: ""
[0.171s] -- Execute custom install script
[0.172s] -- Up-to-date symlink: /home/miko/mobile_robot_ws/install/my_robot_description/share/my_robot_description/launch/display.launch.py
[0.173s] -- Up-to-date symlink: /home/miko/mobile_robot_ws/install/my_robot_description/share/my_robot_description/launch/gazebo.launch.py
[0.174s] -- Up-to-date symlink: /home/miko/mobile_robot_ws/install/my_robot_description/share/my_robot_description/urdf/mobile_robot.urdf.xacro
[0.174s] -- Up-to-date symlink: /home/miko/mobile_robot_ws/install/my_robot_description/share/my_robot_description/urdf/sensors/camera.xacro
[0.175s] -- Up-to-date symlink: /home/miko/mobile_robot_ws/install/my_robot_description/share/my_robot_description/urdf/sensors/lidar.xacro
[0.176s] -- Up-to-date symlink: /home/miko/mobile_robot_ws/install/my_robot_description/share/my_robot_description/rviz/default.rviz
[0.177s] -- Up-to-date symlink: /home/miko/mobile_robot_ws/install/my_robot_description/share/my_robot_description/config/controllers.yaml
[0.177s] -- Up-to-date symlink: /home/miko/mobile_robot_ws/install/my_robot_description/share/my_robot_description/config/mapper_params_online_async.yaml
[0.177s] -- Up-to-date symlink: /home/miko/mobile_robot_ws/install/my_robot_description/share/my_robot_description/worlds/obstacle_world.world
[0.178s] -- Up-to-date symlink: /home/miko/mobile_robot_ws/install/my_robot_description/share/ament_index/resource_index/package_run_dependencies/my_robot_description
[0.178s] -- Up-to-date symlink: /home/miko/mobile_robot_ws/install/my_robot_description/share/ament_index/resource_index/parent_prefix_path/my_robot_description
[0.179s] -- Up-to-date symlink: /home/miko/mobile_robot_ws/install/my_robot_description/share/my_robot_description/environment/ament_prefix_path.sh
[0.179s] -- Up-to-date symlink: /home/miko/mobile_robot_ws/install/my_robot_description/share/my_robot_description/environment/ament_prefix_path.dsv
[0.180s] -- Up-to-date symlink: /home/miko/mobile_robot_ws/install/my_robot_description/share/my_robot_description/environment/path.sh
[0.180s] -- Up-to-date symlink: /home/miko/mobile_robot_ws/install/my_robot_description/share/my_robot_description/environment/path.dsv
[0.181s] -- Up-to-date symlink: /home/miko/mobile_robot_ws/install/my_robot_description/share/my_robot_description/local_setup.bash
[0.181s] -- Up-to-date symlink: /home/miko/mobile_robot_ws/install/my_robot_description/share/my_robot_description/local_setup.sh
[0.181s] -- Up-to-date symlink: /home/miko/mobile_robot_ws/install/my_robot_description/share/my_robot_description/local_setup.zsh
[0.182s] -- Up-to-date symlink: /home/miko/mobile_robot_ws/install/my_robot_description/share/my_robot_description/local_setup.dsv
[0.182s] -- Symlinking: /home/miko/mobile_robot_ws/install/my_robot_description/share/my_robot_description/package.dsv
[0.205s] -- Up-to-date symlink: /home/miko/mobile_robot_ws/install/my_robot_description/share/ament_index/resource_index/packages/my_robot_description
[0.206s] -- Up-to-date symlink: /home/miko/mobile_robot_ws/install/my_robot_description/share/my_robot_description/cmake/my_robot_descriptionConfig.cmake
[0.206s] -- Up-to-date symlink: /home/miko/mobile_robot_ws/install/my_robot_description/share/my_robot_description/cmake/my_robot_descriptionConfig-version.cmake
[0.206s] -- Up-to-date symlink: /home/miko/mobile_robot_ws/install/my_robot_description/share/my_robot_description/package.xml
[0.212s] Invoked command in '/home/miko/mobile_robot_ws/build/my_robot_description' returned '0': CMAKE_PREFIX_PATH=/opt/ros/humble /usr/bin/cmake --install /home/miko/mobile_robot_ws/build/my_robot_description
