[0.007s] Invoking command in '/home/miko/mobile_robot_ws/build/my_robot_description': CMAKE_PREFIX_PATH=/opt/ros/humble /usr/bin/cmake /home/miko/mobile_robot_ws/src/my_robot_description -DCMAKE_INSTALL_PREFIX=/home/miko/mobile_robot_ws/install/my_robot_description
[0.049s] -- The C compiler identification is GNU 11.4.0
[0.091s] -- The CXX compiler identification is GNU 11.4.0
[0.097s] -- Detecting C compiler ABI info
[0.153s] -- Detecting C compiler ABI info - done
[0.158s] -- Check for working C compiler: /usr/bin/cc - skipped
[0.158s] -- Detecting C compile features
[0.158s] -- Detecting C compile features - done
[0.160s] -- Detecting CXX compiler ABI info
[0.223s] -- Detecting CXX compiler ABI info - done
[0.228s] -- Check for working CXX compiler: /usr/bin/c++ - skipped
[0.228s] -- Detecting CXX compile features
[0.228s] -- Detecting CXX compile features - done
[0.230s] -- Found ament_cmake: 1.3.14 (/opt/ros/humble/share/ament_cmake/cmake)
[0.338s] -- Found Python3: /usr/bin/python3 (found version "3.10.12") found components: Interpreter 
[0.401s] -- Found ament_lint_auto: 0.12.15 (/opt/ros/humble/share/ament_lint_auto/cmake)
[0.456s] -- Added test 'flake8' to check Python code syntax and style conventions
[0.456s] -- Added test 'lint_cmake' to check CMake code style
[0.457s] -- Added test 'pep257' to check Python code against some of the docstring style conventions in PEP 257
[0.458s] -- Added test 'xmllint' to check XML markup files
[0.459s] -- Configuring done
[0.461s] -- Generating done
[0.462s] -- Build files have been written to: /home/miko/mobile_robot_ws/build/my_robot_description
[0.466s] Invoked command in '/home/miko/mobile_robot_ws/build/my_robot_description' returned '0': CMAKE_PREFIX_PATH=/opt/ros/humble /usr/bin/cmake /home/miko/mobile_robot_ws/src/my_robot_description -DCMAKE_INSTALL_PREFIX=/home/miko/mobile_robot_ws/install/my_robot_description
[0.468s] Invoking command in '/home/miko/mobile_robot_ws/build/my_robot_description': CMAKE_PREFIX_PATH=/opt/ros/humble /usr/bin/cmake --build /home/miko/mobile_robot_ws/build/my_robot_description -- -j16 -l16
[0.498s] Invoked command in '/home/miko/mobile_robot_ws/build/my_robot_description' returned '0': CMAKE_PREFIX_PATH=/opt/ros/humble /usr/bin/cmake --build /home/miko/mobile_robot_ws/build/my_robot_description -- -j16 -l16
[0.506s] Invoking command in '/home/miko/mobile_robot_ws/build/my_robot_description': CMAKE_PREFIX_PATH=/opt/ros/humble /usr/bin/cmake --install /home/miko/mobile_robot_ws/build/my_robot_description
[0.511s] -- Install configuration: ""
[0.511s] -- Installing: /home/miko/mobile_robot_ws/install/my_robot_description/share/my_robot_description/launch
[0.511s] -- Installing: /home/miko/mobile_robot_ws/install/my_robot_description/share/my_robot_description/launch/display.launch.py
[0.511s] -- Installing: /home/miko/mobile_robot_ws/install/my_robot_description/share/my_robot_description/urdf
[0.511s] -- Installing: /home/miko/mobile_robot_ws/install/my_robot_description/share/my_robot_description/urdf/mobile_robot.urdf
[0.512s] [31mCMake Error at cmake_install.cmake:46 (file):
[0.512s]   file INSTALL cannot find
[0.512s]   "/home/miko/mobile_robot_ws/src/my_robot_description/rviz": No such file or
[0.512s]   directory.
[0.512s] 
[0.512s] [0m
[0.513s] Invoked command in '/home/miko/mobile_robot_ws/build/my_robot_description' returned '1': CMAKE_PREFIX_PATH=/opt/ros/humble /usr/bin/cmake --install /home/miko/mobile_robot_ws/build/my_robot_description
