[0.027s] Invoking command in '/home/miko/mobile_robot_ws/build/my_robot_description': CMAKE_PREFIX_PATH=${CMAKE_PREFIX_PATH}:/opt/ros/humble /usr/bin/cmake --build /home/miko/mobile_robot_ws/build/my_robot_description -- -j16 -l16
[0.131s] Invoked command in '/home/miko/mobile_robot_ws/build/my_robot_description' returned '0': CMAKE_PREFIX_PATH=${CMAKE_PREFIX_PATH}:/opt/ros/humble /usr/bin/cmake --build /home/miko/mobile_robot_ws/build/my_robot_description -- -j16 -l16
[0.157s] Invoking command in '/home/miko/mobile_robot_ws/build/my_robot_description': CMAKE_PREFIX_PATH=${CMAKE_PREFIX_PATH}:/opt/ros/humble /usr/bin/cmake --install /home/miko/mobile_robot_ws/build/my_robot_description
[0.176s] -- Install configuration: ""
[0.177s] -- Execute custom install script
[0.178s] -- Up-to-date symlink: /home/miko/mobile_robot_ws/install/my_robot_description/share/my_robot_description/launch/display.launch.py
[0.178s] -- Up-to-date symlink: /home/miko/mobile_robot_ws/install/my_robot_description/share/my_robot_description/launch/gazebo.launch.py
[0.179s] -- Up-to-date symlink: /home/miko/mobile_robot_ws/install/my_robot_description/share/my_robot_description/urdf/mobile_robot.urdf.xacro
[0.179s] -- Up-to-date symlink: /home/miko/mobile_robot_ws/install/my_robot_description/share/ament_index/resource_index/package_run_dependencies/my_robot_description
[0.180s] -- Up-to-date symlink: /home/miko/mobile_robot_ws/install/my_robot_description/share/ament_index/resource_index/parent_prefix_path/my_robot_description
[0.180s] -- Up-to-date symlink: /home/miko/mobile_robot_ws/install/my_robot_description/share/my_robot_description/environment/ament_prefix_path.sh
[0.181s] -- Up-to-date symlink: /home/miko/mobile_robot_ws/install/my_robot_description/share/my_robot_description/environment/ament_prefix_path.dsv
[0.181s] -- Up-to-date symlink: /home/miko/mobile_robot_ws/install/my_robot_description/share/my_robot_description/environment/path.sh
[0.181s] -- Up-to-date symlink: /home/miko/mobile_robot_ws/install/my_robot_description/share/my_robot_description/environment/path.dsv
[0.182s] -- Up-to-date symlink: /home/miko/mobile_robot_ws/install/my_robot_description/share/my_robot_description/local_setup.bash
[0.182s] -- Up-to-date symlink: /home/miko/mobile_robot_ws/install/my_robot_description/share/my_robot_description/local_setup.sh
[0.183s] -- Up-to-date symlink: /home/miko/mobile_robot_ws/install/my_robot_description/share/my_robot_description/local_setup.zsh
[0.183s] -- Up-to-date symlink: /home/miko/mobile_robot_ws/install/my_robot_description/share/my_robot_description/local_setup.dsv
[0.183s] -- Symlinking: /home/miko/mobile_robot_ws/install/my_robot_description/share/my_robot_description/package.dsv
[0.206s] -- Up-to-date symlink: /home/miko/mobile_robot_ws/install/my_robot_description/share/ament_index/resource_index/packages/my_robot_description
[0.206s] -- Up-to-date symlink: /home/miko/mobile_robot_ws/install/my_robot_description/share/my_robot_description/cmake/my_robot_descriptionConfig.cmake
[0.207s] -- Up-to-date symlink: /home/miko/mobile_robot_ws/install/my_robot_description/share/my_robot_description/cmake/my_robot_descriptionConfig-version.cmake
[0.208s] -- Up-to-date symlink: /home/miko/mobile_robot_ws/install/my_robot_description/share/my_robot_description/package.xml
[0.213s] Invoked command in '/home/miko/mobile_robot_ws/build/my_robot_description' returned '0': CMAKE_PREFIX_PATH=${CMAKE_PREFIX_PATH}:/opt/ros/humble /usr/bin/cmake --install /home/miko/mobile_robot_ws/build/my_robot_description
