[0.007s] Invoking command in '/home/miko/mobile_robot_ws/build/my_robot_description': CMAKE_PREFIX_PATH=/opt/ros/humble /usr/bin/cmake --build /home/miko/mobile_robot_ws/build/my_robot_description -- -j16 -l16
[0.025s] -- Found ament_cmake: 1.3.14 (/opt/ros/humble/share/ament_cmake/cmake)
[0.117s] -- Found ament_lint_auto: 0.12.15 (/opt/ros/humble/share/ament_lint_auto/cmake)
[0.166s] -- Added test 'flake8' to check Python code syntax and style conventions
[0.166s] -- Added test 'lint_cmake' to check CMake code style
[0.166s] -- Added test 'pep257' to check Python code against some of the docstring style conventions in PEP 257
[0.167s] -- Added test 'xmllint' to check XML markup files
[0.168s] -- Configuring done
[0.170s] -- Generating done
[0.171s] -- Build files have been written to: /home/miko/mobile_robot_ws/build/my_robot_description
[0.189s] Invoked command in '/home/miko/mobile_robot_ws/build/my_robot_description' returned '0': CMAKE_PREFIX_PATH=/opt/ros/humble /usr/bin/cmake --build /home/miko/mobile_robot_ws/build/my_robot_description -- -j16 -l16
[0.197s] Invoking command in '/home/miko/mobile_robot_ws/build/my_robot_description': CMAKE_PREFIX_PATH=/opt/ros/humble /usr/bin/cmake --install /home/miko/mobile_robot_ws/build/my_robot_description
[0.202s] -- Install configuration: ""
[0.202s] -- Up-to-date: /home/miko/mobile_robot_ws/install/my_robot_description/share/my_robot_description/launch
[0.203s] -- Up-to-date: /home/miko/mobile_robot_ws/install/my_robot_description/share/my_robot_description/launch/display.launch.py
[0.203s] -- Up-to-date: /home/miko/mobile_robot_ws/install/my_robot_description/share/my_robot_description/urdf
[0.203s] -- Up-to-date: /home/miko/mobile_robot_ws/install/my_robot_description/share/my_robot_description/urdf/mobile_robot.urdf
[0.203s] -- Installing: /home/miko/mobile_robot_ws/install/my_robot_description/share/ament_index/resource_index/package_run_dependencies/my_robot_description
[0.203s] -- Installing: /home/miko/mobile_robot_ws/install/my_robot_description/share/ament_index/resource_index/parent_prefix_path/my_robot_description
[0.203s] -- Installing: /home/miko/mobile_robot_ws/install/my_robot_description/share/my_robot_description/environment/ament_prefix_path.sh
[0.203s] -- Installing: /home/miko/mobile_robot_ws/install/my_robot_description/share/my_robot_description/environment/ament_prefix_path.dsv
[0.203s] -- Installing: /home/miko/mobile_robot_ws/install/my_robot_description/share/my_robot_description/environment/path.sh
[0.203s] -- Installing: /home/miko/mobile_robot_ws/install/my_robot_description/share/my_robot_description/environment/path.dsv
[0.203s] -- Installing: /home/miko/mobile_robot_ws/install/my_robot_description/share/my_robot_description/local_setup.bash
[0.204s] -- Installing: /home/miko/mobile_robot_ws/install/my_robot_description/share/my_robot_description/local_setup.sh
[0.204s] -- Installing: /home/miko/mobile_robot_ws/install/my_robot_description/share/my_robot_description/local_setup.zsh
[0.204s] -- Installing: /home/miko/mobile_robot_ws/install/my_robot_description/share/my_robot_description/local_setup.dsv
[0.204s] -- Installing: /home/miko/mobile_robot_ws/install/my_robot_description/share/my_robot_description/package.dsv
[0.204s] -- Installing: /home/miko/mobile_robot_ws/install/my_robot_description/share/ament_index/resource_index/packages/my_robot_description
[0.204s] -- Installing: /home/miko/mobile_robot_ws/install/my_robot_description/share/my_robot_description/cmake/my_robot_descriptionConfig.cmake
[0.204s] -- Installing: /home/miko/mobile_robot_ws/install/my_robot_description/share/my_robot_description/cmake/my_robot_descriptionConfig-version.cmake
[0.205s] -- Installing: /home/miko/mobile_robot_ws/install/my_robot_description/share/my_robot_description/package.xml
[0.206s] Invoked command in '/home/miko/mobile_robot_ws/build/my_robot_description' returned '0': CMAKE_PREFIX_PATH=/opt/ros/humble /usr/bin/cmake --install /home/miko/mobile_robot_ws/build/my_robot_description
