[0.008s] Invoking command in '/home/miko/mobile_robot_ws/build/my_robot_description': CMAKE_PREFIX_PATH=/opt/ros/humble /usr/bin/cmake --build /home/miko/mobile_robot_ws/build/my_robot_description -- -j16 -l16
[0.026s] -- Found ament_cmake: 1.3.14 (/opt/ros/humble/share/ament_cmake/cmake)
[0.114s] -- Found ament_lint_auto: 0.12.15 (/opt/ros/humble/share/ament_lint_auto/cmake)
[0.162s] -- Added test 'flake8' to check Python code syntax and style conventions
[0.163s] -- Added test 'lint_cmake' to check CMake code style
[0.163s] -- Added test 'pep257' to check Python code against some of the docstring style conventions in PEP 257
[0.164s] -- Added test 'xmllint' to check XML markup files
[0.164s] -- Configuring done
[0.166s] -- Generating done
[0.168s] -- Build files have been written to: /home/miko/mobile_robot_ws/build/my_robot_description
[0.186s] Invoked command in '/home/miko/mobile_robot_ws/build/my_robot_description' returned '0': CMAKE_PREFIX_PATH=/opt/ros/humble /usr/bin/cmake --build /home/miko/mobile_robot_ws/build/my_robot_description -- -j16 -l16
[0.194s] Invoking command in '/home/miko/mobile_robot_ws/build/my_robot_description': CMAKE_PREFIX_PATH=/opt/ros/humble /usr/bin/cmake --install /home/miko/mobile_robot_ws/build/my_robot_description
[0.199s] -- Install configuration: ""
[0.199s] -- Up-to-date: /home/miko/mobile_robot_ws/install/my_robot_description/share/my_robot_description/launch
[0.200s] [31mCMake Error at cmake_install.cmake:46 (file):
[0.200s]   file INSTALL cannot find
[0.200s]   "/home/miko/mobile_robot_ws/src/my_robot_description/rviz": No such file or
[0.200s]   directory.
[0.200s] 
[0.200s] [0m
[0.200s] -- Up-to-date: /home/miko/mobile_robot_ws/install/my_robot_description/share/my_robot_description/launch/display.launch.py
[0.200s] -- Up-to-date: /home/miko/mobile_robot_ws/install/my_robot_description/share/my_robot_description/urdf
[0.200s] -- Up-to-date: /home/miko/mobile_robot_ws/install/my_robot_description/share/my_robot_description/urdf/mobile_robot.urdf
[0.201s] Invoked command in '/home/miko/mobile_robot_ws/build/my_robot_description' returned '1': CMAKE_PREFIX_PATH=/opt/ros/humble /usr/bin/cmake --install /home/miko/mobile_robot_ws/build/my_robot_description
