[0.008s] Invoking command in '/home/miko/mobile_robot_ws/build/my_robot_description': CMAKE_PREFIX_PATH=${CMAKE_PREFIX_PATH}:/opt/ros/humble /usr/bin/cmake /home/miko/mobile_robot_ws/src/my_robot_description -DAMENT_CMAKE_SYMLINK_INSTALL=1 -DCMAKE_INSTALL_PREFIX=/home/miko/mobile_robot_ws/install/my_robot_description
[0.023s] -- Found ament_cmake: 1.3.14 (/opt/ros/humble/share/ament_cmake/cmake)
[0.123s] -- Override CMake install command with custom implementation using symlinks instead of copying resources
[0.135s] -- Found ament_lint_auto: 0.12.15 (/opt/ros/humble/share/ament_lint_auto/cmake)
[0.193s] -- Added test 'flake8' to check Python code syntax and style conventions
[0.193s] -- Added test 'lint_cmake' to check CMake code style
[0.194s] -- Added test 'pep257' to check Python code against some of the docstring style conventions in PEP 257
[0.195s] -- Added test 'xmllint' to check XML markup files
[0.197s] -- Configuring done
[0.200s] -- Generating done
[0.201s] -- Build files have been written to: /home/miko/mobile_robot_ws/build/my_robot_description
[0.204s] Invoked command in '/home/miko/mobile_robot_ws/build/my_robot_description' returned '0': CMAKE_PREFIX_PATH=${CMAKE_PREFIX_PATH}:/opt/ros/humble /usr/bin/cmake /home/miko/mobile_robot_ws/src/my_robot_description -DAMENT_CMAKE_SYMLINK_INSTALL=1 -DCMAKE_INSTALL_PREFIX=/home/miko/mobile_robot_ws/install/my_robot_description
[0.205s] Invoking command in '/home/miko/mobile_robot_ws/build/my_robot_description': CMAKE_PREFIX_PATH=${CMAKE_PREFIX_PATH}:/opt/ros/humble /usr/bin/cmake --build /home/miko/mobile_robot_ws/build/my_robot_description -- -j16 -l16
[0.236s] Invoked command in '/home/miko/mobile_robot_ws/build/my_robot_description' returned '0': CMAKE_PREFIX_PATH=${CMAKE_PREFIX_PATH}:/opt/ros/humble /usr/bin/cmake --build /home/miko/mobile_robot_ws/build/my_robot_description -- -j16 -l16
[0.244s] Invoking command in '/home/miko/mobile_robot_ws/build/my_robot_description': CMAKE_PREFIX_PATH=${CMAKE_PREFIX_PATH}:/opt/ros/humble /usr/bin/cmake --install /home/miko/mobile_robot_ws/build/my_robot_description
[0.250s] -- Install configuration: ""
[0.250s] -- Execute custom install script
[0.250s] -- Up-to-date symlink: /home/miko/mobile_robot_ws/install/my_robot_description/share/my_robot_description/launch/display.launch.py
[0.250s] -- Up-to-date symlink: /home/miko/mobile_robot_ws/install/my_robot_description/share/my_robot_description/launch/gazebo.launch.py
[0.251s] -- Up-to-date symlink: /home/miko/mobile_robot_ws/install/my_robot_description/share/my_robot_description/urdf/mobile_robot.urdf.xacro
[0.251s] -- Up-to-date symlink: /home/miko/mobile_robot_ws/install/my_robot_description/share/my_robot_description/urdf/sensors/camera.xacro
[0.251s] -- Up-to-date symlink: /home/miko/mobile_robot_ws/install/my_robot_description/share/my_robot_description/urdf/sensors/lidar.xacro
[0.251s] -- Up-to-date symlink: /home/miko/mobile_robot_ws/install/my_robot_description/share/my_robot_description/rviz/default.rviz
[0.251s] -- Up-to-date symlink: /home/miko/mobile_robot_ws/install/my_robot_description/share/my_robot_description/config/controllers.yaml
[0.251s] -- Up-to-date symlink: /home/miko/mobile_robot_ws/install/my_robot_description/share/my_robot_description/config/mapper_params_online_async.yaml
[0.251s] -- Up-to-date symlink: /home/miko/mobile_robot_ws/install/my_robot_description/share/my_robot_description/worlds/obstacle_world.world
[0.251s] -- Up-to-date symlink: /home/miko/mobile_robot_ws/install/my_robot_description/share/ament_index/resource_index/package_run_dependencies/my_robot_description
[0.252s] -- Up-to-date symlink: /home/miko/mobile_robot_ws/install/my_robot_description/share/ament_index/resource_index/parent_prefix_path/my_robot_description
[0.252s] -- Up-to-date symlink: /home/miko/mobile_robot_ws/install/my_robot_description/share/my_robot_description/environment/ament_prefix_path.sh
[0.252s] -- Up-to-date symlink: /home/miko/mobile_robot_ws/install/my_robot_description/share/my_robot_description/environment/ament_prefix_path.dsv
[0.252s] -- Up-to-date symlink: /home/miko/mobile_robot_ws/install/my_robot_description/share/my_robot_description/environment/path.sh
[0.252s] -- Up-to-date symlink: /home/miko/mobile_robot_ws/install/my_robot_description/share/my_robot_description/environment/path.dsv
[0.252s] -- Up-to-date symlink: /home/miko/mobile_robot_ws/install/my_robot_description/share/my_robot_description/local_setup.bash
[0.252s] -- Up-to-date symlink: /home/miko/mobile_robot_ws/install/my_robot_description/share/my_robot_description/local_setup.sh
[0.252s] -- Up-to-date symlink: /home/miko/mobile_robot_ws/install/my_robot_description/share/my_robot_description/local_setup.zsh
[0.252s] -- Up-to-date symlink: /home/miko/mobile_robot_ws/install/my_robot_description/share/my_robot_description/local_setup.dsv
[0.252s] -- Symlinking: /home/miko/mobile_robot_ws/install/my_robot_description/share/my_robot_description/package.dsv
[0.259s] -- Up-to-date symlink: /home/miko/mobile_robot_ws/install/my_robot_description/share/ament_index/resource_index/packages/my_robot_description
[0.260s] -- Up-to-date symlink: /home/miko/mobile_robot_ws/install/my_robot_description/share/my_robot_description/cmake/my_robot_descriptionConfig.cmake
[0.260s] -- Up-to-date symlink: /home/miko/mobile_robot_ws/install/my_robot_description/share/my_robot_description/cmake/my_robot_descriptionConfig-version.cmake
[0.260s] -- Up-to-date symlink: /home/miko/mobile_robot_ws/install/my_robot_description/share/my_robot_description/package.xml
[0.262s] Invoked command in '/home/miko/mobile_robot_ws/build/my_robot_description' returned '0': CMAKE_PREFIX_PATH=${CMAKE_PREFIX_PATH}:/opt/ros/humble /usr/bin/cmake --install /home/miko/mobile_robot_ws/build/my_robot_description
